<?xml version="1.0" encoding="UTF-8"?>
<!-- Generated by org.testng.reporters.JUnitReportReporter -->
<testsuite hostname="lalithakumari-macmini.roam.corp.google.com" failures="0" tests="2" name="com.qa.pagestest.HomePageTest" time="17.933" errors="0" timestamp="23 Aug 2019 10:23:46 GMT" skipped="0">
  <testcase classname="com.qa.pagestest.HomePageTest" name="homepage_test" time="7.288"/>
  <testcase classname="com.qa.pagestest.HomePageTest" name="clickcontact_test" time="10.645"/>
</testsuite> <!-- com.qa.pagestest.HomePageTest -->
