<?xml version="1.0" encoding="UTF-8"?>
<!-- Generated by org.testng.reporters.JUnitReportReporter -->
<testsuite hostname="lalithakumari-macmini.roam.corp.google.com" failures="0" tests="1" name="com.qa.pagestest.PagesTest" time="0.574" errors="0" timestamp="06 Sep 2019 11:17:09 GMT" skipped="0">
  <testcase classname="com.qa.pagestest.PagesTest" name="login_Test" time="0.574"/>
</testsuite> <!-- com.qa.pagestest.PagesTest -->
