<?xml version="1.0" encoding="UTF-8"?>
<!-- Generated by org.testng.reporters.JUnitReportReporter -->
<testsuite hostname="lalithakumari-macmini.roam.corp.google.com" failures="0" tests="1" name="com.qa.pagestest.PagesTest" time="0.496" errors="0" timestamp="22 Aug 2019 08:42:18 GMT" skipped="0">
  <testcase classname="com.qa.pagestest.PagesTest" name="login_Test" time="0.496"/>
</testsuite> <!-- com.qa.pagestest.PagesTest -->
